35.7318718,-83.9826165,P
35.7548805,-83.970611,P
35.7319453,-83.9827323,P
35.7551768,-83.9703908,P
35.7320569,-83.9828525,P
35.7551836,-83.9702831,P
35.7550548,-83.9705143,P
35.7321761,-83.9829898,P
35.7550961,-83.9701573,P
35.7323307,-83.983183,P
35.7450046,-83.9603826,P
35.7551784,-83.9700773,P
35.7324874,-83.983191,P
35.7379669,-83.9768983,P
35.7326464,-83.9830676,P
35.7325528,-83.9831615,P
35.7451353,-83.9595816,P
35.7327836,-83.982904,P
35.7570907,-83.9673313,P
35.7578703,-83.9757406,P
35.7368419,-83.9790309,P
35.7703444,-83.982653,P
35.7322654,-83.9831079,P
35.7379735,-83.9769796,P
35.7312943,-83.9822335,P
35.7516725,-83.9631997,P
35.7380131,-83.9769959,P
35.755308,-83.9699441,P
35.737789,-83.9780653,P
35.7582755,-83.9758769,P
35.7377193,-83.9781324,P
35.7376567,-83.9781935,P
35.7568554,-83.9678145,P
35.7376023,-83.9782793,P
35.73755,-83.9783464,P
35.7374537,-83.9784301,P
35.737365,-83.9784859,P
35.7380313,-83.9767621,P
35.7541763,-83.9713809,P
35.7591269,-83.9697608,P
35.7605222,-83.9475471,P
35.7680347,-83.9829579,P
35.7379092,-83.9767723,P
35.7372626,-83.9785798,P
35.7371859,-83.978642,P
35.7306672,-83.9818955,P
35.7306694,-83.9818231,P
35.7308044,-83.9820403,P
35.7307042,-83.981976,P
35.7309154,-83.9820859,P
35.7310156,-83.9821208,P
35.7380082,-83.976697,P
35.7596661,-83.9466446,P
35.7698588,-83.9825542,P
35.7310641,-83.9821367,P
35.7312278,-83.9821967,P
35.7371097,-83.9787385,P
35.73704,-83.9788405,P
35.7574965,-83.9675069,P
35.7369355,-83.9789612,P
35.7367374,-83.9791516,P
35.7366634,-83.9792723,P
35.736585,-83.9794064,P
35.7521721,-83.9638551,P
35.7523636,-83.9635976,P
35.7365333,-83.9794971,P
35.7567726,-83.9679809,P
35.7363983,-83.9796553,P
35.7472196,-83.955448,P
35.7362802,-83.9797471,P
35.7361888,-83.9798195,P
35.7526294,-83.9568166,P
35.7527222,-83.9566555,P
35.7360429,-83.9799965,P
35.735934,-83.9801172,P
35.7356183,-83.9804042,P
35.7354289,-83.9805088,P
35.7353288,-83.9806054,P
35.748802,-83.9551364,P
35.7351856,-83.9807255,P
35.7350419,-83.9808891,P
35.7602814,-83.947356,P
35.7713613,-83.9828092,P
35.7347175,-83.9811734,P
35.7565625,-83.974286,P
35.7593534,-83.9690682,P
35.759155,-83.9691993,P
35.7357794,-83.9802647,P
35.7598531,-83.9690151,P
35.7345934,-83.9812888,P
35.7385692,-83.9769694,P
35.7344404,-83.9814207,P
35.7343256,-83.9815114,P
35.7341536,-83.9816187,P
35.7352918,-83.9688384,P
35.7340382,-83.9817045,P
35.7385675,-83.977008,P
35.7591338,-83.9714618,P
35.7336349,-83.9820457,P
35.7595562,-83.9696448,P
35.7572216,-83.9679053,P
35.7338286,-83.9818579,P
35.7385155,-83.9771456,P
35.7569944,-83.9678941,P
35.7345698,-83.9697514,P
35.7592967,-83.9705881,P
35.7471056,-83.9554709,P
35.7468842,-83.9554945,P
35.7385263,-83.9768617,P
35.7466991,-83.9558455,P
35.7466022,-83.9559268,P
35.7523501,-83.9548246,P
35.7381913,-83.9766503,P
35.7579705,-83.9673286,P
35.757842,-83.9673575,P
35.7577335,-83.9673954,P
35.7576358,-83.9674601,P
35.7575598,-83.9674935,P
35.7381666,-83.9766401,P
35.7574747,-83.9674646,P
35.7574867,-83.9673996,P
35.7574492,-83.9671313,P
35.7574709,-83.9672838,P
35.7596818,-83.9688966,P
35.7383794,-83.9766747,P
35.7541574,-83.9700348,P
35.7572482,-83.9752439,P
35.7593346,-83.9697942,P
35.7540665,-83.9699746,P
35.7540026,-83.9699554,P
35.7384388,-83.9765669,P
35.753583,-83.9695443,P
35.7385411,-83.9761299,P
35.7537492,-83.9696814,P
35.7538351,-83.9695089,P
35.7538883,-83.9694118,P
35.7536161,-83.969511,P
35.7638931,-83.9681489,P
35.7624485,-83.9675313,P
35.7557675,-83.9743138,P
35.7530642,-83.9701744,P
35.7529926,-83.9701151,P
35.737854,-83.977694,P
35.7550404,-83.9700828,P
35.7596965,-83.9705461,P
35.7766815,-83.9866971,P
35.7453209,-83.9612035,P
35.7592493,-83.9697966,P
35.7503523,-83.965813,P
35.7504546,-83.9657835,P
35.7502739,-83.9658537,P
35.7504089,-83.9657781,P
35.7502021,-83.9658613,P
35.7503849,-83.9657946,P
35.7503131,-83.9658345,P
35.7504328,-83.9657625,P
35.7501331,-83.9659236,P
35.7501673,-83.9658644,P
35.7502369,-83.9658613,P
35.7465398,-83.9632671,P
35.7466732,-83.9633254,P
35.746886,-83.9634829,P
35.759272,-83.9705928,P
35.7471407,-83.9636649,P
35.747358,-83.9637612,P
35.7472895,-83.9637528,P
35.7475957,-83.9638925,P
35.7476768,-83.9639245,P
35.7592171,-83.9706348,P
35.7478394,-83.9640277,P
35.7479694,-83.9641666,P
35.7483419,-83.9639679,P
35.759787,-83.9689372,P
35.739381,-83.9759449,P
35.7639451,-83.9681094,P
35.767993,-83.9833335,P
35.7454917,-83.9576726,P
35.7453132,-83.9576404,P
35.7460316,-83.9578175,P
35.7462058,-83.9579838,P
35.7462885,-83.958016,P
35.7457878,-83.9577102,P
35.7459228,-83.9577853,P
35.7456485,-83.9576834,P
35.7450758,-83.957591,P
35.7673275,-83.9816898,P
35.7799127,-83.9851383,P
35.7588836,-83.9701351,P
35.7557569,-83.9743201,P
35.7842419,-83.9816597,P
35.7691903,-83.9827773,P
35.7591887,-83.9699717,P
35.7580287,-83.9665946,P
35.7801168,-83.9851338,P
35.7593137,-83.969974,P
35.7607929,-83.9683489,P
35.7452766,-83.955524,P
35.7730587,-83.9831357,P
35.7594994,-83.9698106,P
35.7539639,-83.9704066,P
35.7599795,-83.9691283,P
35.757392,-83.9707621,P
35.7596093,-83.9697242,P
35.7574108,-83.970642,P
35.7451739,-83.9590835,P
35.7725613,-83.9828614,P
35.7596396,-83.9696635,P
35.7548428,-83.9702604,P
35.758053,-83.9666429,P
35.7422276,-83.9730873,P
35.759615,-83.9696121,P
35.7441601,-83.9723068,P
35.7440447,-83.9722317,P
35.743951,-83.9721753,P
35.743768,-83.972063,P
35.743567,-83.971984,P
35.743476,-83.9720196,P
35.7433322,-83.9720948,P
35.7432712,-83.9722129,P
35.743217,-83.972397,P
35.7431753,-83.9725457,P
35.7431651,-83.9727847,P
35.7430664,-83.9728712,P
35.7429313,-83.9729645,P
35.7427657,-83.9729752,P
35.7425566,-83.9729967,P
35.742363,-83.972985,P
35.744272,-83.972358,P
35.7443039,-83.9723364,P
35.7443214,-83.9725967,P
35.7444368,-83.9722666,P
35.7446111,-83.972186,P
35.744853,-83.9721001,P
35.745144,-83.972016,P
35.7454216,-83.9719928,P
35.7457114,-83.9719256,P
35.750853,-83.96289,P
35.7462865,-83.9718647,P
35.7463827,-83.9719751,P
35.746554,-83.972206,P
35.746688,-83.972325,P
35.7469119,-83.9723713,P
35.7471319,-83.9723417,P
35.7472626,-83.9723337,P
35.747356,-83.972181,P
35.7475502,-83.97228,P
35.7477659,-83.9723041,P
35.748152,-83.972101,P
35.748405,-83.971938,P
35.7485589,-83.9717538,P
35.748636,-83.971664,P
35.7486853,-83.971576,P
35.7535698,-83.9709621,P
35.7679869,-83.9825001,P
35.7583279,-83.9669214,P
35.7344792,-83.9805227,P
35.7458498,-83.9556373,P
35.759629,-83.9469068,P
35.7476397,-83.9556678,P
35.7678997,-83.9823678,P
35.7335921,-83.9784212,P
35.7475268,-83.9555787,P
35.7311647,-83.9821617,P
35.731131,-83.9821431,P
35.730948,-83.9821716,P
35.7515887,-83.9632758,P
35.7517062,-83.9640214,P
35.7524547,-83.9706977,P
35.751729,-83.9642049,P
35.751654,-83.9637425,P
35.7516148,-83.9634903,P
35.7476404,-83.9595169,P
35.7643054,-83.9822277,P
35.7452348,-83.9571283,P
35.7475356,-83.959347,P
35.768075,-83.9828048,P
35.767424,-83.9817707,P
35.7492418,-83.9548919,P
35.7472914,-83.9587241,P
35.7472052,-83.9584958,P
35.7572998,-83.9671702,P
35.7471607,-83.9584021,P
35.7524681,-83.9624496,P
35.746984,-83.9577969,P
35.7357012,-83.9805456,P
35.7357861,-83.9804718,P
35.735836,-83.9805017,P
35.7356478,-83.9804544,P
35.7356331,-83.9804293,P
35.7336256,-83.980825,P
35.7336711,-83.9808017,P
35.7468706,-83.9574872,P
35.7690431,-83.9828208,P
35.7705862,-83.982703,P
35.759943,-83.970611,P
35.7517672,-83.9642627,P
35.7451351,-83.9601429,P
35.7478702,-83.9599522,P
35.7466117,-83.9551298,P
35.7595701,-83.9689105,P
35.7454184,-83.9614574,P
35.753095,-83.9616343,P
35.7568467,-83.9677501,P
35.7461284,-83.9624846,P
35.7453578,-83.9613811,P
35.7693975,-83.9827444,P
35.7631866,-83.9677578,P
35.7452867,-83.9611702,P
35.7454288,-83.9564348,P
35.7456818,-83.9618877,P
35.7452252,-83.9610739,P
35.7456155,-83.9617727,P
35.7766558,-83.9865975,P
35.7574961,-83.9707675,P
35.7458143,-83.961997,P
35.7574484,-83.9753619,P
35.7467712,-83.9557428,P
35.7527273,-83.9620417,P
35.7675028,-83.970172,P
35.7460842,-83.9624083,P
35.7451629,-83.9609851,P
35.7580342,-83.9760686,P
35.746246,-83.9624781,P
35.7451164,-83.9608852,P
35.7460102,-83.9622989,P
35.7347341,-83.9698617,P
35.7549666,-83.9702618,P
35.7593068,-83.978551,P
35.764891,-83.9693451,P
35.7604497,-83.9690372,P
35.7529034,-83.9619615,P
35.7347794,-83.9698746,P
35.7673521,-83.9702459,P
35.760242,-83.9800579,P
35.7523351,-83.9708121,P
35.7523443,-83.9707645,P
35.7525408,-83.9706368,P
35.7524023,-83.9705873,P
35.7522746,-83.9637315,P
35.7524877,-83.9706245,P
35.7589024,-83.9773145,P
35.7527139,-83.9704696,P
35.7528238,-83.9703051,P
35.7529229,-83.9701281,P
35.7529509,-83.970075,P
35.7531101,-83.9702116,P
35.7536212,-83.9708407,P
35.7536778,-83.9707401,P
35.75373,-83.9706342,P
35.7537866,-83.9705497,P
35.7538323,-83.9704759,P
35.7537594,-83.9704773,P
35.7536647,-83.9704706,P
35.7535657,-83.9704464,P
35.753508,-83.9704196,P
35.7594541,-83.9468062,P
35.7460344,-83.9563243,P
35.7715488,-83.9828238,P
35.7701181,-83.9825969,P
35.7605373,-83.9689346,P
35.7582847,-83.9677379,P
35.7583003,-83.9675414,P
35.7583261,-83.9680055,P
35.7583339,-83.9674885,P
35.7543594,-83.9718533,P
35.758508,-83.967455,P
35.7458174,-83.9554584,P
35.758832,-83.9685107,P
35.7606162,-83.9688674,P
35.7589016,-83.968527,P
35.7526708,-83.9621329,P
35.7577289,-83.9712512,P
35.7590507,-83.9685584,P
35.7592872,-83.968527,P
35.7716886,-83.9828211,P
35.7594286,-83.9685257,P
35.7594927,-83.9685747,P
35.7595778,-83.9686755,P
35.7596187,-83.9687204,P
35.754824,-83.9701402,P
35.7590763,-83.9706066,P
35.7476174,-83.9556176,P
35.7527545,-83.9565248,P
35.7518255,-83.9630548,P
35.7541304,-83.9699919,P
35.7519039,-83.9629994,P
35.7607613,-83.9685648,P
35.7582642,-83.9673923,P
35.7535537,-83.971047,P
35.7551332,-83.9702047,P
35.7575355,-83.9754172,P
35.7679908,-83.9832541,P
35.7803905,-83.9850527,P
35.7737029,-83.9842668,P
35.7796467,-83.9852968,P
35.7794418,-83.9855074,P
35.7777666,-83.9856938,P
35.7764871,-83.9867988,P
35.7766482,-83.9865579,P
35.7771573,-83.9859834,P
35.7748332,-83.9851542,P
35.7800467,-83.9851359,P
35.7751416,-83.9852645,P
35.7778885,-83.9857689,P
35.7750297,-83.9851941,P
35.7737932,-83.9845051,P
35.7521895,-83.9633348,P
35.7762725,-83.9868989,P
35.7761252,-83.9868402,P
35.7792376,-83.9856079,P
35.7769136,-83.9860156,P
35.7805297,-83.9848918,P
35.7518543,-83.9629324,P
35.7758674,-83.9865912,P
35.7354205,-83.9689969,P
35.7354414,-83.9690741,P
35.7354414,-83.9691599,P
35.7353718,-83.96922,P
35.7352742,-83.9693058,P
35.7809083,-83.9847711,P
35.7810607,-83.9847309,P
35.7776361,-83.9857152,P
35.7754901,-83.9859316,P
35.7788808,-83.9858011,P
35.7346542,-83.9698037,P
35.7752921,-83.9855772,P
35.7741158,-83.9849672,P
35.7806255,-83.9847523,P
35.7786022,-83.9859513,P
35.7743147,-83.9850958,P
35.7549553,-83.9699757,P
35.7505748,-83.9552112,P
35.748903,-83.9554429,P
35.7561932,-83.9687057,P
35.7582016,-83.9724918,P
35.7548816,-83.970345,P
35.7581689,-83.9668307,P
35.7579853,-83.9668052,P
35.7578792,-83.9669072,P
35.7576265,-83.9671058,P
35.765235,-83.9818076,P
35.7574392,-83.9671327,P
35.7353578,-83.9689282,P
35.7595935,-83.9468997,P
35.7351488,-83.9694174,P
35.7569643,-83.9675729,P
35.7350492,-83.9695479,P
35.7349607,-83.9696681,P
35.7349001,-83.9697651,P
35.7348103,-83.9698681,P
35.7489031,-83.9554333,P
35.73935,-83.9762065,P
35.7396765,-83.9757532,P
35.739479,-83.9759351,P
35.7393892,-83.9760858,P
35.7394267,-83.9759887,P
35.7392847,-83.9763943,P
35.7392019,-83.9764855,P
35.7391132,-83.9765493,P
35.7389499,-83.9766298,P
35.7388585,-83.9766915,P
35.7388128,-83.9767934,P
35.7388209,-83.9767296,P
35.7387992,-83.9768637,P
35.738736,-83.9769736,P
35.7385537,-83.977126,P
35.7384269,-83.9771909,P
35.7382135,-83.9771936,P
35.738109,-83.9772982,P
35.737998,-83.9774511,P
35.7378956,-83.9776415,P
35.7381678,-83.9772043,P
35.7378129,-83.9777783,P
35.7379392,-83.9775718,P
35.7378657,-83.9779548,P
35.7378129,-83.977848,P
35.737857,-83.9779843,P
35.7383969,-83.9773433,P
35.7378283,-83.9780209,P
35.7383599,-83.9772842,P
35.7378412,-83.977899,P
35.7384465,-83.9774162,P
35.7385009,-83.9774967,P
35.7386664,-83.9777461,P
35.7388558,-83.978017,P
35.7389115,-83.978098,P
35.7389676,-83.9781636,P
35.7584378,-83.9721195,P
35.739026,-83.9782198,P
35.7386555,-83.9770514,P
35.7385923,-83.9776388,P
35.73876,-83.9778829,P
35.7399928,-83.9755247,P
35.7399645,-83.9754898,P
35.7399334,-83.9754636,P
35.7398529,-83.9755521,P
35.7397527,-83.9756674,P
35.7383398,-83.9772204,P
35.7395878,-83.9758332,P
35.7601604,-83.9691743,P
35.7596289,-83.9689155,P
35.758769,-83.9684772,P
35.7452425,-83.9561942,P
35.7585961,-83.9683382,P
35.7583105,-83.9674508,P
35.758402,-83.968134,P
35.7583062,-83.9678736,P
35.7582866,-83.9676051,P
35.7583539,-83.9759198,P
35.7584409,-83.9761022,P
35.7584139,-83.9674696,P
35.7518073,-83.9628595,P
35.7585278,-83.9674345,P
35.7577793,-83.9755765,P
35.7611935,-83.9679949,P
35.7585185,-83.9673827,P
35.7584739,-83.967133,P
35.7584353,-83.9670014,P
35.7589144,-83.9716712,P
35.7596163,-83.9791706,P
35.758084,-83.9757374,P
35.7638557,-83.9683347,P
35.758439,-83.9764572,P
35.7570041,-83.9678991,P
35.7597806,-83.9797043,P
35.7548765,-83.9700678,P
35.7584932,-83.9762417,P
35.7577637,-83.9755622,P
35.7381418,-83.977067,P
35.7586151,-83.9766172,P
35.7587457,-83.9767674,P
35.759761,-83.9797862,P
35.7571378,-83.9678575,P
35.7599852,-83.9798385,P
35.7570914,-83.9751259,P
35.7570044,-83.97504,P
35.758824,-83.9769176,P
35.7544002,-83.9702849,P
35.7565766,-83.9682172,P
35.7566213,-83.9748791,P
35.7568651,-83.9750078,P
35.7595118,-83.9789453,P
35.760303,-83.9801806,P
35.7598448,-83.9798292,P
35.7597382,-83.9794067,P
35.7598132,-83.9795421,P
35.7567432,-83.9749649,P
35.7474824,-83.9555388,P
35.7589807,-83.9777544,P
35.7591287,-83.9780656,P
35.7618311,-83.9676623,P
35.7563151,-83.96855,P
35.7455366,-83.9555167,P
35.7629583,-83.9675419,P
35.775947,-83.9866987,P
35.7739074,-83.9847076,P
35.7576936,-83.9711972,P
35.758104,-83.9673491,P
35.7467942,-83.9555461,P
35.7450641,-83.9608576,P
35.7481924,-83.9556347,P
35.762157,-83.967549,P
35.752307,-83.9634367,P
35.7453498,-83.956245,P
35.7531342,-83.9644879,P
35.7532541,-83.9643591,P
35.7527903,-83.9648151,P
35.7533673,-83.9642518,P
35.7324025,-83.9832125,P
35.7450811,-83.9575431,P
35.7575458,-83.9707201,P
35.7594329,-83.9706856,P
35.7593168,-83.9706006,P
35.7529161,-83.9556347,P
35.7488738,-83.9551618,P
35.7587623,-83.9705041,P
35.7283421,-83.9841508,P
35.7287511,-83.9841951,P
35.7566345,-83.9706908,P
35.7557096,-83.9743484,P
35.7499646,-83.9541264,P
35.7382425,-83.976754,P
35.7765682,-83.9867205,P
35.7500336,-83.9542078,P
35.7325216,-83.9831756,P
35.7486635,-83.9545653,P
35.7605139,-83.9477666,P
35.7485198,-83.9546998,P
35.7663963,-83.9705158,P
35.748682,-83.9606815,P
35.7626969,-83.9675632,P
35.7481147,-83.9599119,P
35.7481521,-83.9596971,P
35.7509284,-83.9564651,P
35.7482612,-83.9594539,P
35.7487777,-83.9607352,P
35.7482329,-83.9595321,P
35.7484991,-83.9603275,P
35.7484438,-83.960392,P
35.7505105,-83.9562076,P
35.74883,-83.9608532,P
35.7507804,-83.9564866,P
35.7485514,-83.9606064,P
35.75112,-83.9564115,P
35.7485514,-83.9600271,P
35.7484295,-83.9598554,P
35.7513028,-83.9564222,P
35.7484295,-83.9597052,P
35.7504147,-83.9560789,P
35.748473,-83.9596194,P
35.7514335,-83.9563364,P
35.7484382,-83.9594584,P
35.7513203,-83.9552849,P
35.7493089,-83.9559823,P
35.7512158,-83.9553815,P
35.7462526,-83.9623981,P
35.7462613,-83.9626127,P
35.7511026,-83.9553815,P
35.7509633,-83.9553278,P
35.7490638,-83.9556744,P
35.7508501,-83.9554029,P
35.7492131,-83.9558428,P
35.7507195,-83.9554459,P
35.7519036,-83.9546519,P
35.7596864,-83.9687808,P
35.7505889,-83.9554459,P
35.7517469,-83.9546841,P
35.7516076,-83.9564115,P
35.748473,-83.959201,P
35.7505627,-83.9555853,P
35.7515989,-83.9547485,P
35.7486994,-83.9558643,P
35.7496049,-83.9560467,P
35.7488909,-83.9555424,P
35.7504395,-83.9556315,P
35.7487342,-83.9560574,P
35.7488213,-83.9562076,P
35.7503538,-83.9559394,P
35.7515292,-83.954845,P
35.7518079,-83.9563685,P
35.7487516,-83.9555317,P
35.7485601,-83.9590722,P
35.7488735,-83.9564007,P
35.7503015,-83.955639,P
35.7514944,-83.9550489,P
35.7494656,-83.9560467,P
35.7486894,-83.9589452,P
35.7488909,-83.9566368,P
35.7519559,-83.9562612,P
35.7486384,-83.9556604,P
35.7514335,-83.9551991,P
35.752339,-83.9551884,P
35.7502145,-83.9557785,P
35.7497617,-83.9570337,P
35.7499881,-83.9557999,P
35.75011,-83.9568406,P
35.7502667,-83.9567011,P
35.7522084,-83.9548343,P
35.7766752,-83.9866433,P
35.7498662,-83.9559287,P
35.7538826,-83.9698639,P
35.7479859,-83.9602276,P
35.7480569,-83.9600344,P
35.7479941,-83.9603919,P
35.7489151,-83.9568372,P
35.7520517,-83.9546841,P
35.7489169,-83.9571258,P
35.7489343,-83.9572415,P
35.7489251,-83.9574154,P
35.7542151,-83.9713773,P
35.7506396,-83.9549662,P
35.7483859,-83.9592868,P
35.7504395,-83.9565541,P
35.7451889,-83.9572003,P
35.7506324,-83.9564544,P
35.7461829,-83.9618188,P
35.7462003,-83.9619797,P
35.7462613,-83.9628166,P
35.7605403,-83.9478124,P
35.7665073,-83.9813511,P
35.7462439,-83.9621728,P
35.7503102,-83.9558536,P
35.7486853,-83.958429,P
35.7487009,-83.9586254,P
35.7520691,-83.9561003,P
35.7487384,-83.9581287,P
35.748682,-83.9582568,P
35.7521474,-83.9559179,P
35.7488207,-83.9579377,P
35.752405,-83.9635063,P
35.75011,-83.9557785,P
35.7680684,-83.982663,P
35.7489432,-83.9577526,P
35.752191,-83.9557355,P
35.7489348,-83.9575668,P
35.7523042,-83.9555317,P
35.749126,-83.9575809,P
35.7492741,-83.9574629,P
35.7523912,-83.9553708,P
35.7495962,-83.9571625,P
35.7494047,-83.9573449,P
35.7270623,-83.988445,P
35.7499358,-83.9569372,P
35.749743,-83.9560499,P
35.7523203,-83.954977,P
35.7505802,-83.9563364,P
35.7479411,-83.9609923,P
35.7485427,-83.9601665,P
35.7479854,-83.9606708,P
35.7717704,-83.9828107,P
35.7685502,-83.9831496,P
35.7709695,-83.9827433,P
35.7579951,-83.9665452,P
35.7678519,-83.9822605,P
35.7681827,-83.9835802,P
35.7681044,-83.9835051,P
35.7536705,-83.9693839,P
35.7675646,-83.9819172,P
35.7464633,-83.9631998,P
35.7467491,-83.9633782,P
35.7735276,-83.9838821,P
35.7462542,-83.9629399,P
35.7475111,-83.9638289,P
35.7722044,-83.9828522,P
35.7676489,-83.982019,P
35.7734206,-83.9836522,P
35.7680182,-83.9834181,P
35.758057,-83.9715731,P
35.7483499,-83.9603451,P
35.7726919,-83.9828935,P
35.7480655,-83.9601787,P
35.7711773,-83.9827786,P
35.7477596,-83.9597257,P
35.738056,-83.9770548,P
35.7728673,-83.9830008,P
35.747379,-83.9589949,P
35.7683568,-83.9833871,P
35.7578578,-83.9712817,P
35.7689052,-83.9828803,P
35.7471894,-83.9582322,P
35.7470731,-83.9580959,P
35.7696211,-83.9825721,P
35.7469941,-83.9576694,P
35.7468964,-83.9575633,P
35.7687398,-83.9829901,P
35.7654079,-83.9698495,P
35.7488664,-83.9544451,P
35.745128,-83.9572927,P
35.7597354,-83.9468174,P
35.754241,-83.9714145,P
35.7488738,-83.9551618,P
35.7275785,-83.9870553,P
35.7517904,-83.9628902,P
35.7449559,-83.9604756,P
35.752481,-83.9645353,P
35.754714,-83.9703882,P
35.7659421,-83.9703078,P
35.7454955,-83.9615604,P
35.7542474,-83.9714392,P
35.7525242,-83.9650733,P
35.7527168,-83.9648889,P
35.7489666,-83.9609882,P
35.7541143,-83.9699759,P
35.7488992,-83.9548831,P
35.7520968,-83.9560357,P
35.738914,-83.9763474,P
35.7661388,-83.9705308,P
35.7459353,-83.9560076,P
35.7541749,-83.9714879,P
35.7455167,-83.9616152,P
35.7460934,-83.9562022,P
35.7488364,-83.9543834,P
35.7455651,-83.9616285,P
35.7608805,-83.968248,P
35.7412854,-83.9744738,P
35.742099,-83.9732296,P
35.7420713,-83.9732883,P
35.742136,-83.9734604,P
35.7421785,-83.9734996,P
35.7505694,-83.9551218,P
35.7719974,-83.9828206,P
35.7421889,-83.9735485,P
35.7662364,-83.9706334,P
35.7421687,-83.973141,P
35.7526118,-83.962219,P
35.7416163,-83.9741654,P
35.7525421,-83.962337,P
35.740617,-83.9753214,P
35.7558813,-83.9741598,P
35.7421736,-83.9735914,P
35.7523636,-83.9626374,P
35.7421192,-83.9736531,P
35.7527815,-83.9619883,P
35.7580586,-83.9667236,P
35.7511997,-83.9634045,P
35.7420604,-83.9737121,P
35.7420152,-83.9737625,P
35.7462805,-83.9630077,P
35.7419565,-83.9738242,P
35.7545646,-83.9709223,P
35.751876,-83.9632897,P
35.7418623,-83.9739186,P
35.7524857,-83.9646649,P
35.7417861,-83.973991,P
35.7417012,-83.9740769,P
35.7415102,-83.9742694,P
35.741397,-83.9743821,P
35.7412092,-83.9745516,P
35.7411373,-83.9746187,P
35.7663039,-83.9706299,P
35.7459208,-83.9621468,P
35.7410895,-83.9746643,P
35.7461588,-83.9565429,P
35.7410334,-83.9747201,P
35.7380379,-83.9770284,P
35.7495165,-83.9534816,P
35.740961,-83.9748091,P
35.7409066,-83.9749083,P
35.7408369,-83.975072,P
35.749346,-83.9532948,P
35.7407068,-83.9752619,P
35.7280974,-83.9855523,P
35.7407678,-83.9751868,P
35.7405169,-83.9753697,P
35.7404391,-83.9754147,P
35.7403694,-83.9754925,P
35.747003,-83.9635583,P
35.7402235,-83.975581,P
35.7401473,-83.9756025,P
35.7400798,-83.9755945,P
35.7400559,-83.9755784,P
35.7462598,-83.9628562,P
35.7535187,-83.971106,P
35.7535137,-83.9711352,P
35.7420675,-83.9733843,P
35.7420561,-83.9733553,P
35.745944,-83.9560452,P
35.7481608,-83.9548411,P
35.746983,-83.9554678,P
35.7524331,-83.9706023,P
35.7601375,-83.9799136,P
35.7530331,-83.9558706,P
35.7577947,-83.9713422,P
35.7461762,-83.962514,P
35.7531628,-83.9562774,P
35.7527641,-83.9639195,P
35.7532412,-83.9646598,P
35.7524899,-83.9635762,P
35.7529557,-83.9642092,P
35.7526596,-83.9637586,P
35.7643497,-83.968816,P
35.7459478,-83.9560674,P
35.752724,-83.9569282,P
35.7473617,-83.9548948,P
35.7484244,-83.9639329,P
35.7517802,-83.9630827,P
35.7520632,-83.9629003,P
35.7668323,-83.9704388,P
35.7606921,-83.9476101,P
35.7522852,-83.9627608,P
35.7535112,-83.9711268,P
35.7498612,-83.9541158,P
35.7379983,-83.9768983,P
35.7468915,-83.9550083,P
35.746839,-83.9550321,P
35.7526263,-83.9705873,P
35.7610025,-83.9681772,P
35.7467689,-83.9550765,P
35.7572691,-83.9679762,P
35.7518195,-83.9638872,P
35.7515962,-83.9644462,P
35.7744859,-83.9851312,P
35.7670764,-83.9703768,P
35.7465377,-83.9551425,P
35.7535119,-83.9711141,P
35.7463383,-83.9630437,P
35.7479794,-83.9556442,P
35.7464002,-83.9551993,P
35.7477803,-83.9557158,P
35.7462118,-83.9625727,P
35.7528273,-83.9650638,P
35.7520937,-83.9639489,P
35.7473513,-83.9554654,P
35.7462768,-83.9552393,P
35.7471869,-83.9554833,P
35.7471393,-83.9555057,P
35.7470576,-83.9554821,P
35.7584862,-83.9721911,P
35.7468323,-83.9554926,P
35.7461931,-83.9552925,P
35.7465677,-83.9559733,P
35.760542,-83.9478561,P
35.7464766,-83.9559097,P
35.7464394,-83.9558813,P
35.74617,-83.9560441,P
35.7521512,-83.9638801,P
35.7600656,-83.9691673,P
35.7460116,-83.9565819,P
35.7460389,-83.956695,P
35.7460753,-83.9568347,P
35.7515583,-83.9632381,P
35.7461379,-83.9563546,P
35.7488016,-83.9580425,P
35.7379587,-83.9769389,P
35.7519893,-83.9649547,P
35.7454669,-83.956304,P
35.7465752,-83.9575701,P
35.7515648,-83.9643995,P
35.7577679,-83.9756483,P
35.7520195,-83.9643635,P
35.7520632,-83.9646435,P
35.7520525,-83.964259,P
35.7517302,-83.9646543,P
35.7463757,-83.9631553,P
35.7511135,-83.9647197,P
35.7627113,-83.9674977,P
35.7521264,-83.9646302,P
35.7477548,-83.9639687,P
35.7517019,-83.9646034,P
35.7515191,-83.9648609,P
35.7516257,-83.9644901,P
35.7515342,-83.9632997,P
35.7565359,-83.9697937,P
35.756695,-83.9700237,P
35.7567266,-83.970023,P
35.7561522,-83.9701823,P
35.7564863,-83.9706638,P
35.7555895,-83.9717573,P
35.7558738,-83.9721891,P
35.7697504,-83.9825491,P
35.7545478,-83.9702865,P
35.7522679,-83.965349,P
35.7379224,-83.9765263,P
35.7519242,-83.9657078,P
35.751974,-83.9648206,P
35.7523527,-83.9631495,P
35.7651097,-83.9818528,P
35.7520698,-83.9650781,P
35.7269766,-83.989206,P
35.746325,-83.9574647,P
35.751403,-83.964981,P
35.7632067,-83.9676587,P
35.7484796,-83.954859,P
35.7381402,-83.9769776,P
35.7513408,-83.965048,P
35.7508994,-83.9643982,P
35.7514754,-83.964555,P
35.7522265,-83.9641499,P
35.7610829,-83.968071,P
35.7516802,-83.9644666,P
35.7569172,-83.9678429,P
35.7486536,-83.9550441,P
35.738028,-83.9769227,P
35.7634881,-83.9678463,P
35.7519893,-83.9643191,P
35.7485121,-83.954972,P
35.73816,-83.9768495,P
35.7463949,-83.9558966,P
35.7462099,-83.9626627,P
35.7505678,-83.9550529,P
35.7449863,-83.9598371,P
35.7521894,-83.9646327,P
35.7604348,-83.9476924,P
35.7460522,-83.9570258,P
35.7514809,-83.9638297,P
35.7636805,-83.9680091,P
35.7460711,-83.9572919,P
35.7457434,-83.9562695,P
35.7462151,-83.9574741,P
35.7307196,-83.9835261,P
35.7308285,-83.982582,P
35.730737,-83.9833223,P
35.7306761,-83.98373,P
35.7308503,-83.9824157,P
35.7306674,-83.9839177,P
35.7306064,-83.9844488,P
35.7306377,-83.9843123,P
35.7307501,-83.9830809,P
35.7306586,-83.9841001,P
35.7308076,-83.9827673,P
35.7307893,-83.9828824,P
35.7519892,-83.9647534,P
35.7524915,-83.962414,P
35.7518325,-83.9638309,P
35.763827,-83.968156,P
35.754289,-83.9702973,P
35.7454956,-83.9563616,P
35.7460009,-83.9553718,P
35.7479008,-83.9640989,P
35.7450401,-83.9599438,P
35.7529984,-83.95671,P
35.734902,-83.9810238,P
35.7544853,-83.9702788,P
35.7472706,-83.955436,P
35.7520196,-83.9636913,P
35.7583222,-83.967507,P
35.7453267,-83.9567787,P
35.7379636,-83.9767031,P
35.7379158,-83.9764368,P
35.7740029,-83.984842,P
35.7450836,-83.9574097,P
35.7597975,-83.9796072,P
35.7520804,-83.964305,P
35.7570941,-83.9678591,P
35.7731632,-83.983236,P
35.7483927,-83.95564,P
35.7516866,-83.9654641,P
35.7628439,-83.9825318,P
35.7520392,-83.9646623,P
35.7452656,-83.9570493,P
35.7597091,-83.9793503,P
35.7517759,-83.9628223,P
35.767051,-83.9815632,P
35.7519631,-83.9636967,P
35.7519065,-83.964472,P
35.7480218,-83.9601523,P
35.7542394,-83.9701041,P
35.7602906,-83.9692169,P
35.7523396,-83.9633855,P
35.7526067,-83.9562726,P
35.7463768,-83.9580778,P
35.7597669,-83.96887,P
35.7656599,-83.9817112,P
35.7516453,-83.9631495,P
35.752056,-83.9624096,P
35.7379521,-83.9765893,P
35.7521971,-83.9641054,P
35.7663972,-83.9813478,P
35.7772879,-83.9859298,P
35.7638748,-83.9823564,P
35.7672488,-83.9816351,P
35.752405,-83.9627714,P
35.7524702,-83.9561792,P
35.7592129,-83.9685369,P
35.757503,-83.970648,P
35.7531639,-83.9702539,P
35.7602925,-83.9691743,P
35.7594805,-83.9707212,P
35.7686441,-83.9830664,P
35.7516105,-83.9647724,P
35.7582329,-83.9673646,P
35.7485432,-83.9636428,P
35.7489897,-83.9627499,P
35.7482554,-83.9640264,P
35.7664346,-83.9704635,P
35.7481948,-83.9602584,P
35.7532264,-83.9703352,P
35.7864917,-83.9787549,P
35.752294,-83.9561045,P
35.7662675,-83.98137,P
35.7535571,-83.9711658,P
35.7541447,-83.9714277,P
35.7704649,-83.982685,P
35.7540385,-83.9713313,P
35.760421,-83.969216,P
35.7506373,-83.9722827,P
35.7858433,-83.9800933,P
35.7849991,-83.9808121,P
35.7829798,-83.9825824,P
35.7824141,-83.9830759,P
35.7814741,-83.9842025,P
35.785382,-83.9805761,P
35.7821704,-83.983312,P
35.7820659,-83.9834193,P
35.7812391,-83.9844492,P
35.7819528,-83.9835265,P
35.7868833,-83.9778429,P
35.766076,-83.9814561,P
35.784912,-83.9810482,P
35.7839198,-83.981767,P
35.7827187,-83.9828292,P
35.7862523,-83.9792994,P
35.7833193,-83.9820996,P
35.7832148,-83.9823035,P
35.7863307,-83.9790097,P
35.7815172,-83.9841572,P
35.7818309,-83.9836553,P
35.7835804,-83.9818958,P
35.7855822,-83.980383,P
35.7866179,-83.9785269,P
35.7817396,-83.9838511,P
35.7867571,-83.9783338,P
35.7861566,-83.9796212,P
35.786879,-83.9776793,P
35.7848337,-83.9813808,P
35.7850948,-83.9806941,P
35.7847292,-83.9815417,P
35.7845291,-83.9815954,P
35.7868616,-83.9781192,P
35.7860173,-83.9799324,P
35.7385923,-83.9759409,P
35.7385362,-83.9757071,P
35.7387309,-83.9761096,P
35.7383002,-83.9768475,P
35.7389833,-83.9765202,P
35.739043,-83.9765839,P
35.7394239,-83.9759653,P
35.7620454,-83.9822773,P
35.7393397,-83.9758677,P
35.7392506,-83.9756624,P
35.7391615,-83.9755242,P
35.7390807,-83.9754388,P
35.7389652,-83.9753006,P
35.7389223,-83.9752314,P
35.7388357,-83.9752025,P
35.738898,-83.9751204,P
35.7385339,-83.9756003,P
35.7379136,-83.9764178,P
35.7340726,-83.9816789,P
35.7340148,-83.9815898,P
35.73392,-83.9815267,P
35.733994,-83.9814637,P
35.7337912,-83.9813633,P
35.733704,-83.9812232,P
35.7336945,-83.9811508,P
35.7337874,-83.9810878,P
35.7336281,-83.980978,P
35.7336035,-83.9808589,P
35.7336001,-83.9806993,P
35.7384322,-83.9768597,P
35.7335732,-83.9784679,P
35.7640167,-83.9823291,P
35.7345967,-83.9777767,P
35.7347313,-83.9776833,P
35.7354667,-83.977193,P
35.7359993,-83.9768217,P
35.7361263,-83.9767166,P
35.7541802,-83.9703265,P
35.7605321,-83.947789,P
35.7614189,-83.9678445,P
35.7586556,-83.9704687,P
35.7585475,-83.9682871,P
35.7540777,-83.9703681,P
35.7581063,-83.9667984,P
35.7606698,-83.9476315,P
35.7783498,-83.9860478,P
35.7580483,-83.9667754,P
35.759183,-83.9706372,P
35.7606426,-83.9476386,P
35.7462893,-83.9559386,P
35.7590291,-83.9684538,P
35.7384817,-83.9768129,P
35.7588909,-83.9684015,P
35.7541239,-83.9714092,P
35.7516475,-83.963272,P
35.7519392,-83.9637182,P
35.7587863,-83.9683706,P
35.7548569,-83.9699152,P
35.7603836,-83.9474353,P
35.7550165,-83.9700452,P
35.7519892,-83.9631148,P
35.7521285,-83.9632811,P
35.7450088,-83.9596691,P
35.7452339,-83.9584457,P
35.7452353,-83.9583972,P
35.7450519,-83.9577798,P
35.7452389,-83.9583275,P
35.7451963,-83.9582403,P
35.745212,-83.9585116,P
35.7450804,-83.9603005,P
35.7450908,-83.9594988,P
35.7451445,-83.9593624,P
35.7449847,-83.9597777,P
35.7451056,-83.9580112,P
35.7452061,-83.9591908,P
35.7451422,-83.9589208,P
35.7533795,-83.9703774,P
35.7451371,-83.9587756,P
35.7451446,-83.9586634,P
35.7451792,-83.9586236,P
35.7450958,-83.9599899,P
35.7450475,-83.9576671,P
35.7450959,-83.9602142,P
35.7450641,-83.957853,P
35.7449792,-83.960606,P
35.745053,-83.9595991,P
35.7450878,-83.9579309,P
35.7451364,-83.9600484,P
35.7451501,-83.9581465,P
35.7781061,-83.9860585,P
35.7596842,-83.9466801,P
35.757748,-83.9712804,P
35.7779929,-83.9859191,P
35.7574346,-83.9708262,P
35.7570354,-83.9712543,P
35.7570338,-83.9713031,P
35.7573508,-83.9707001,P
35.7574671,-83.9705876,P
35.7802195,-83.9851307,P
35.757047,-83.9702718,P
35.738551,-83.9769084,P
35.7569445,-83.9711268,P
35.7596413,-83.9466161,P
35.7757572,-83.9863742,P
35.7596067,-83.9465988,P
35.7465147,-83.9559677,P
35.754859,-83.9702896,P
35.769297,-83.9827648,P
35.7595655,-83.9465927,P
35.7548266,-83.9703959,P
35.7362874,-83.9765672,P
35.7364485,-83.9764061,P
35.7595292,-83.9466019,P
35.754819,-83.9701926,P
35.7281183,-83.9857408,P
35.758804,-83.9703009,P
35.7524444,-83.9635278,P
35.7522615,-83.9646767,P
35.7520874,-83.9643164,P
35.7519503,-83.9640911,P
35.7525352,-83.9646173,P
35.7594648,-83.9466578,P
35.7523462,-83.9647992,P
35.752499,-83.9650392,P
35.7449505,-83.9605501,P
35.7456803,-83.9562422,P
35.7797694,-83.9851778,P
35.7479008,-83.9556819,P
35.7547815,-83.9704128,P
35.7488464,-83.9538673,P
35.7489935,-83.9550484,P
35.7491716,-83.9549363,P
35.7535854,-83.970878,P
35.7493687,-83.9546211,P
35.7493625,-83.9545411,P
35.7494755,-83.9543581,P
35.7460045,-83.9717909,P
35.7495772,-83.9536917,P
35.7497775,-83.9541613,P
35.7489036,-83.9554384,P
35.7491186,-83.9532528,P
35.748895,-83.9533322,P
35.7488192,-83.9533602,P
35.7484168,-83.954986,P
35.7595135,-83.9468844,P
35.748098,-83.9548577,P
35.7479544,-83.9547766,P
35.7476766,-83.9547512,P
35.7475839,-83.9547737,P
35.7474748,-83.9548228,P
35.7595473,-83.9468946,P
35.7471133,-83.9549542,P
35.7469822,-83.9549792,P
35.7554295,-83.9698043,P
35.7555471,-83.969666,P
35.7556343,-83.9695671,P
35.7556876,-83.9694902,P
35.7557049,-83.9694556,P
35.7556996,-83.9693748,P
35.7556517,-83.9692822,P
35.7556767,-83.9691533,P
35.7557628,-83.9690835,P
35.7559196,-83.9689842,P
35.7560394,-83.9689386,P
35.7560961,-83.9688835,P
35.745945,-83.9560544,P
35.7478358,-83.9556837,P
35.7590143,-83.9700441,P
35.7596768,-83.9469271,P
35.7648485,-83.9819539,P
35.7645612,-83.9820567,P
35.7597139,-83.9469556,P
35.7514111,-83.9623392,P
35.7767695,-83.9862007,P
35.7667259,-83.9813929,P
35.7488929,-83.9546958,P
35.7606784,-83.9806098,P
35.7597593,-83.9469993,P
35.7615964,-83.9817164,P
35.7460544,-83.956153,P
35.7612519,-83.9812367,P
35.7464442,-83.9562534,P
35.7626573,-83.9824827,P
35.7598137,-83.9470491,P
35.7632911,-83.9824781,P
35.7546303,-83.9703358,P
35.7659008,-83.9815403,P
35.7464236,-83.9574694,P
35.7610988,-83.9809761,P
35.7602187,-83.9474394,P
35.7653622,-83.9817885,P
35.7458423,-83.9556049,P
35.7655102,-83.9817777,P
35.7462264,-83.9616364,P
35.7609384,-83.980832,P
35.7603284,-83.9475684,P
35.7641695,-83.9822927,P
35.7621676,-83.9823765,P
35.763486,-83.9824606,P
35.7631148,-83.9825288,P
35.7604782,-83.9804366,P
35.7542291,-83.9712794,P
35.7644713,-83.9820995,P
35.7503113,-83.972828,P
35.7635212,-83.9679949,P
35.7523115,-83.9708492,P
35.7520904,-83.971006,P
35.751805,-83.9711982,P
35.7516089,-83.971378,P
35.7513453,-83.9716384,P
35.7511972,-83.9717109,P
35.7510382,-83.9718424,P
35.7508769,-83.9720008,P
35.7507506,-83.9721323,P
35.7390347,-83.9782481,P
35.7505676,-83.9724196,P
35.7504652,-83.9726048,P
35.7503824,-83.9727229,P
35.7668943,-83.9814773,P
35.762349,-83.9824092,P
35.7742103,-83.9850375,P
35.7334563,-83.9822308,P
35.7753493,-83.9857043,P
35.7629855,-83.982544,P
35.7764047,-83.986847,P
35.7333763,-83.9823161,P
35.7766404,-83.9867331,P
35.7614447,-83.9814758,P
35.733219,-83.9824856,P
35.7657941,-83.981614,P
35.7606137,-83.9476315,P
35.7618538,-83.9820535,P
35.7330557,-83.9826197,P
35.7636284,-83.9823846,P
35.7597659,-83.946858,P
35.7306999,-83.9817507,P
35.7597114,-83.9467696,P
35.7596966,-83.9467259,P
35.7307325,-83.9816943,P
35.7534275,-83.9704016,P
35.730787,-83.9816621,P
35.7534754,-83.9704955,P
35.7732652,-83.9833671,P
35.7308327,-83.9816809,P
35.7594855,-83.9466344,P
35.7535277,-83.9706808,P
35.75945,-83.9467076,P
35.7594467,-83.9467716,P
35.7309416,-83.9817909,P
35.7594747,-83.9468519,P
35.7310591,-83.9818848,P
35.7380841,-83.9770731,P
35.7311484,-83.9820135,P
35.7311985,-83.9821396,P
35.7594009,-83.9699133,P
35.7309113,-83.9821963,P
35.7538348,-83.9711854,P
35.7309895,-83.9821584,P
35.7540418,-83.9712552,P
35.7308893,-83.9822361,P
35.7310963,-83.9821298,P
35.754704,-83.9707962,P
35.754288,-83.9712472,P
35.7308675,-83.982381,P
35.7544252,-83.9710995,P
35.7605362,-83.9478784,P
35.7476769,-83.9556973,P
35.7315098,-83.9823407,P
35.7380395,-83.9769694,P
35.7317428,-83.982499,P
35.7460561,-83.956228,P
Pts changed: 255
Total points: 686
